🚀 전체 HTML 파일 변환을 시작합니다...
📂 입력: /Users/calmglow/blog/egloos/calmglow.egloos.com
📂 출력: /Users/calmglow/blog/egloos/migration
🖼️  이미지: /Users/calmglow/blog/egloos/assets/img/egloos

📝 총 230개 파일 변환 시작...
🔄 변환 중: 3014219.html
✅ 완료: 2007-02-23-8회-자바-개발자-컨퍼런스.md
🔄 변환 중: 3018679.html
✅ 완료: 2007-02-26-8회-자바-개발자-컨퍼런스를-끝내고.md
🔄 변환 중: 3043846.html
✅ 완료: 2007-03-10-WBSFWebsphere-Business-Service-Fabric와-IT의-미래.md
🔄 변환 중: 3044148.html
✅ 완료: 2007-03-10-Composite-Business-ServicesCBS에-대하여.md
🔄 변환 중: 3103454.html
✅ 완료: 2007-04-09-SOA-거버넌스Governance란.md
🔄 변환 중: 3211122.html
✅ 완료: 2007-06-04-SOA와-REST-ESB-하드웨어.md
🔄 변환 중: 3252524.html
✅ 완료: 2007-06-26-ESB가-성공하기-위해서.md
🔄 변환 중: 3292984.html
✅ 완료: 2007-07-20-마케팅-관점에서-보았을-때-SOA.md
🔄 변환 중: 3295024.html
✅ 완료: 2007-07-21-국회의-주인은-한나라당이다.md
🔄 변환 중: 3295333.html
✅ 완료: 2007-07-21-CBD로-해야하는-것은-CBD만으로-구축합시다.md
🔄 변환 중: 3298623.html
✅ 완료: 2007-07-23-아쿠아로직-Service-BusAquaLogic-Service-Bus-ALSB-개요.md
🔄 변환 중: 3313755.html
✅ 완료: 2007-08-01-어머니와-어머니.md
🔄 변환 중: 3314119.html
✅ 완료: 2007-08-01-일상과-창조성.md
🔄 변환 중: 3314345.html
✅ 완료: 2007-08-01-SOA는-씨앗일-뿐이에요.md
🔄 변환 중: 3319128.html
✅ 완료: 2007-08-04-나의-스프링노트-그리고-웹플랫폼에-대한-믿음.md
🔄 변환 중: 3330793.html
✅ 완료: 2007-08-11-구글과-넷스케이프가-닮은-점.md
🔄 변환 중: 3333216.html
✅ 완료: 2007-08-12-오바마-그리고-흑인이-사는-미국.md
🔄 변환 중: 3336180.html
✅ 완료: 2007-08-14-미래의-SW-엔지니어-혹은-개발자가-갖추어야할-소양.md
🔄 변환 중: 3360649.html
✅ 완료: 2007-08-28-과연-SOA는-과장되었습니까.md
🔄 변환 중: 3367329.html
✅ 완료: 2007-09-01-OOXML-vs-ODF를-읽는-법.md
🔄 변환 중: 3419113.html
✅ 완료: 2007-10-03-B2Bi-20.md
🔄 변환 중: 3431163.html
✅ 완료: 2007-10-11-웹페이지의-소원-당신이-어디로-갔는지도-중요합니다.md
🔄 변환 중: 3452582.html
✅ 완료: 2007-10-24-PDA폰-자랑.md
🔄 변환 중: 3499538.html
✅ 완료: 2007-11-24-리눅스는-멀었다.md
🔄 변환 중: 3514163.html
✅ 완료: 2007-12-04-그릇대로-살아내기.md
🔄 변환 중: 3521718.html
✅ 완료: 2007-12-09-요리에-재미가-붙다.md
🔄 변환 중: 3523088.html
✅ 완료: 2007-12-10-SOA-성숙도-모델.md
🔄 변환 중: 3524584.html
✅ 완료: 2007-12-10-국내-SOA관련-책-리뷰.md
🔄 변환 중: 3525462.html
✅ 완료: 2007-12-11-캐나다-정부의-SOA-프로젝트.md
🔄 변환 중: 3527712.html
✅ 완료: 2007-12-13-아리까리-프로젝트.md
🔄 변환 중: 3528514.html
✅ 완료: 2007-12-13-SOA-제품-벤더가-고객에게-제품을-팔-때.md
🔄 변환 중: 3528662.html
✅ 완료: 2007-12-13-Web-20-버블붕괴-중인가.md
🔄 변환 중: 3537588.html
✅ 완료: 2007-12-19-JCO-대선-및-송년회.md
🔄 변환 중: 3558369.html
✅ 완료: 2008-01-02-새해를-맞이하여.md
🔄 변환 중: 3561438.html
✅ 완료: 2008-01-04-SOA에-대한-메타포.md
🔄 변환 중: 3588321.html
✅ 완료: 2008-01-23-지적인-모험-시작.md
🔄 변환 중: 3588445.html
✅ 완료: 2008-01-23-우리나라-SW산업의-그늘-BMT.md
🔄 변환 중: 3598159.html
✅ 완료: 2008-01-29-티스토리-초대권-구합니다.md
🔄 변환 중: 3600436.html
✅ 완료: 2008-01-31-효율성과-창의성.md
🔄 변환 중: 3606552.html
✅ 완료: 2008-02-05-이명박-핵심-참모들이-사는-법.md
🔄 변환 중: 3609775.html
✅ 완료: 2008-02-07-SOA에-관심있는-분들과-모임을-갖고-싶습니다.md
🔄 변환 중: 3609788.html
✅ 완료: 2008-02-07-이명박-씨리즈-2번째.md
🔄 변환 중: 3611222.html
✅ 완료: 2008-02-09-윗세대로부터-88만원-세대라-불리는-이름없는-세대.md
🔄 변환 중: 3613254.html
✅ 완료: 2008-02-10-새로운-진보-정당-운동의-꼰대스러움.md
🔄 변환 중: 3614339.html
✅ 완료: 2008-02-11-예의없는-갑-연휴에도-못쉬는-을병정.md
🔄 변환 중: 3619515.html
✅ 완료: 2008-02-14-멋진-수염의-calmglow.md
🔄 변환 중: 3620961.html
✅ 완료: 2008-02-15-한국-자바-개발자-컨퍼런스에-사회를-보게-되었습니다.md
🔄 변환 중: 3631697.html
✅ 완료: 2008-02-23-술익는-내-집.md
🔄 변환 중: 3633135.html
✅ 완료: 2008-02-24-집에서-만든-첫-모주.md
🔄 변환 중: 3638485.html
✅ 완료: 2008-02-28-ESB에-대한-잡담.md
🔄 변환 중: 3652154.html
✅ 완료: 2008-03-09-나의-냉장고.md
🔄 변환 중: 3662040.html
✅ 완료: 2008-03-15-EDA-CEP-시장에-대해.md
🔄 변환 중: 3664251.html
✅ 완료: 2008-03-17-진정한-약결합-EDA.md
🔄 변환 중: 3669454.html
✅ 완료: 2008-03-21-서비스-Granularity-CoarseFine-grained가-중요해.md
🔄 변환 중: 3703873.html
✅ 완료: 2008-04-15-분산화된-의사-결정-구조-지향하는-EDA.md
🔄 변환 중: 3712256.html
✅ 완료: 2008-04-21-창조의-즐거움-요리.md
🔄 변환 중: 3712383.html
✅ 완료: 2008-04-21-이글루스도-늙어가는걸까.md
🔄 변환 중: 3716522.html
✅ 완료: 2008-04-24-모-솔루션-업체를-위한-SOA-컨설팅.md
🔄 변환 중: 3718716.html
✅ 완료: 2008-04-26-책-SOA-WhatHow.md
🔄 변환 중: 3719179.html
✅ 완료: 2008-04-26-구글-데스크탑을-더-가볍고-빠르게.md
🔄 변환 중: 3721777.html
✅ 완료: 2008-04-28-좌절-금지.md
🔄 변환 중: 3723958.html
✅ 완료: 2008-04-30-추억의-Kino라는-잡지.md
🔄 변환 중: 3734570.html
✅ 완료: 2008-05-08-지름신을-영접하는-경제적인-비법.md
🔄 변환 중: 3761683.html
✅ 완료: 2008-05-28-하반기-EDA-일-복-터진다.md
🔄 변환 중: 3763279.html
✅ 완료: 2008-05-29-calmglow의-IBM-ESB이야기-2-Granularity와-ESB.md
🔄 변환 중: 3763282.html
✅ 완료: 2008-05-29-calmglow의-IBM-ESB이야기-3-ESB의-특징.md
🔄 변환 중: 3766243.html
✅ 완료: 2008-06-01-촛불문화제갔다가-왔어요.md
🔄 변환 중: 3771836.html
✅ 완료: 2008-06-04-calmglow의-IBM-ESB이야기-4-SCA-Service-Component-Architecture.md
🔄 변환 중: 3775792.html
✅ 완료: 2008-06-08-킹목사의-I-have-a-dream에-필적할만한-노무현의-명연설.md
🔄 변환 중: 3780149.html
✅ 완료: 2008-06-11-오태석의-백년언약.md
🔄 변환 중: 3786230.html
✅ 완료: 2008-06-16-이용탁의-삶-소유-해금-안수련.md
🔄 변환 중: 3788876.html
✅ 완료: 2008-06-17-높은-이의-자세.md
🔄 변환 중: 3790839.html
✅ 완료: 2008-06-19-갑과-을의-관계.md
🔄 변환 중: 3805584.html
✅ 완료: 2008-06-30-강자가-항상-옳은-세상.md
🔄 변환 중: 3814725.html
✅ 완료: 2008-07-06-인생수명.md
🔄 변환 중: 3825195.html
✅ 완료: 2008-07-14-나이키-휴먼-레이스-10K-참가.md
🔄 변환 중: 3843066.html
✅ 완료: 2008-07-28-IBM-ILog-인수.md
🔄 변환 중: 3886478.html
✅ 완료: 2008-09-01-생애-첫-10K-마라톤-나이키-휴먼레이스.md
🔄 변환 중: 3892682.html
✅ 완료: 2008-09-05-믿기-어려운-자바기반-지존급-온라인-야구-게임.md
🔄 변환 중: 3905397.html
✅ 완료: 2008-09-16-순수-개발자가-CIO에게-외면받는-8가지-이유.md
🔄 변환 중: 3905440.html
✅ 완료: 2008-09-16-88의-IT인들은-해고당하면-기업-비밀을-들고-나갈-수-있다.md
🔄 변환 중: 3928100.html
✅ 완료: 2008-10-04-미니홈피같은-블로그들.md
🔄 변환 중: 3930179.html
✅ 완료: 2008-10-05-조선의-선비들에게.md
🔄 변환 중: 3930243.html
✅ 완료: 2008-10-05-몰매-맞는-댓글이지만.md
🔄 변환 중: 3930394.html
✅ 완료: 2008-10-06-버그-투성이-삼성-핸드폰.md
🔄 변환 중: 3931750.html
✅ 완료: 2008-10-06-크리올-돼지의-사례를-통해-살펴본-세계화의-위험.md
🔄 변환 중: 3936399.html
✅ 완료: 2008-10-10-서비스를-거버넌스하기-위한-서비스의-최소-개수.md
🔄 변환 중: 3940146.html
✅ 완료: 2008-10-13-64bit-OS에선-64bit-용-JVM을-사용해야하는가.md
🔄 변환 중: 3940811.html
✅ 완료: 2008-10-14-실력있는-자바-개발자는-다-어디에-있을까.md
🔄 변환 중: 3943270.html
✅ 완료: 2008-10-15-두루마리-화장지-설치-가이드-.md
🔄 변환 중: 3944418.html
✅ 완료: 2008-10-16-내년-전세계-IT예산은-얼마나-감소할-것인가.md
🔄 변환 중: 3945254.html
✅ 완료: 2008-10-17-완벽해야-한다는-생각이-프로젝트를-산으로-가게-한다.md
🔄 변환 중: 3956872.html
✅ 완료: 2008-10-26-클라우드-컴퓨팅-시대-성능의-기준은-BPS-Bytes-Per-Second-.md
🔄 변환 중: 3971047.html
✅ 완료: 2008-11-07-REST-사용에-있어서-주의할-점.md
🔄 변환 중: 3972766.html
✅ 완료: 2008-11-09-IT-엔지니어의-길에-막-들어온-새내기에게-어떤-엔지니어를-꿈꿀까.md
🔄 변환 중: 3981673.html
✅ 완료: 2008-11-16-CEP와-EDA의-관계.md
🔄 변환 중: 3984045.html
✅ 완료: 2008-11-18-우분투가-설치된-환경을-더-넓은-하드디스크로-이사가기.md
🔄 변환 중: 3990959.html
✅ 완료: 2008-11-24-애플과-안드로이드.md
🔄 변환 중: 3992169.html
✅ 완료: 2008-11-25-REST와-WSDL-20.md
🔄 변환 중: 4037231.html
✅ 완료: 2009-01-11-설-제수용-도소주-빚기.md
🔄 변환 중: 4047193.html
✅ 완료: 2009-01-23-2009년-SOA는-죽었다.md
🔄 변환 중: 4062007.html
✅ 완료: 2009-02-10-지란지교를-꿈꾸며.md
🔄 변환 중: 4074603.html
✅ 완료: 2009-02-25-표준은-천사가-아닙니다.md
🔄 변환 중: 4078891.html
✅ 완료: 2009-03-02-김창준.md
🔄 변환 중: 4078991.html
✅ 완료: 2009-03-02-T옴니아-정말-전지전능하구나.md
🔄 변환 중: 4079472.html
✅ 완료: 2009-03-02-15년-후-결혼할-놈들은-불쌍하다.md
🔄 변환 중: 4081403.html
✅ 완료: 2009-03-05-IT부서-고객에게-과학상자나-레고를-팔지-말아라.md
🔄 변환 중: 4082704.html
✅ 완료: 2009-03-06-FireFox의-Extension의-매력.md
🔄 변환 중: 4083144.html
✅ 완료: 2009-03-07-구름속의-클라우드-컴퓨팅.md
🔄 변환 중: 4083376.html
✅ 완료: 2009-03-07-Twitter내의-IBM-사람들.md
🔄 변환 중: 4086547.html
✅ 완료: 2009-03-11-인생의-길.md
🔄 변환 중: 4091186.html
✅ 완료: 2009-03-17-설치형-블로그가-아닌-가입형-블로그를-쓰면서의-단점.md
🔄 변환 중: 4091510.html
✅ 완료: 2009-03-17-생각의-판을-먼저-정하는-자가-결국-승리한다.md
🔄 변환 중: 4092776.html
✅ 완료: 2009-03-19-IBM의-Sun-Microsystems-인수설.md
🔄 변환 중: 4096694.html
✅ 완료: 2009-03-23-IT투자가-늘면-의료산업이-번창한다.md
🔄 변환 중: 4110194.html
✅ 완료: 2009-04-08-웹-2x-시대의-서버측-웹-개발-환경-Intro.md
🔄 변환 중: 4111699.html
✅ 완료: 2009-04-10-나는-디지털-난민-소말리아로-망명을-신청하다.md
🔄 변환 중: 4116238.html
✅ 완료: 2009-04-16-웹-2x-시대의-서버측-웹-개발-환경-1-REST-에-대하여.md
🔄 변환 중: 4119223.html
✅ 완료: 2009-04-20-Smarter-Planet---똘똘한-지구.md
🔄 변환 중: 4120387.html
✅ 완료: 2009-04-21-오라클-썬-마이크로시스템즈-인수.md
🔄 변환 중: 4132723.html
✅ 완료: 2009-05-06-WebSphere-CloudBurst-Appliance.md
🔄 변환 중: 4133273.html
✅ 완료: 2009-05-07-아테네와-스파르타의-근본적인-차이.md
🔄 변환 중: 4136709.html
✅ 완료: 2009-05-11-2009년-전세계-미들웨어-시장-전망은-다소-비관적.md
🔄 변환 중: 4140550.html
✅ 완료: 2009-05-16-웹-2x시대의-서버측-웹-개발-환경-2-URI-패턴.md
🔄 변환 중: 4178619.html
✅ 완료: 2009-07-01-국민-알기를-노예처럼.md
🔄 변환 중: 4179118.html
✅ 완료: 2009-07-02-FireFox-35-변신요괴-불여우가-날개달았다.md
🔄 변환 중: 4215061.html
✅ 완료: 2009-08-19-블로그-재시작-BMT와-PoC에-대해.md
🔄 변환 중: 4215117.html
✅ 완료: 2009-08-19-엔지니어의-끝-혹은-발전-단계는.md
🔄 변환 중: 4221261.html
✅ 완료: 2009-08-28-미들웨어는-어째서-빅웨어가-되었을까.md
🔄 변환 중: 4225179.html
✅ 완료: 2009-09-02-CEP와-BEP-솔루션에-대한-FAQ.md
🔄 변환 중: 4230106.html
✅ 완료: 2009-09-08-2PM의-재범이-누군지는-모르지만.md
🔄 변환 중: 4230399.html
✅ 완료: 2009-09-09-레드북-사례연구-Web-20-SOA-시나리오.md
🔄 변환 중: 4236173.html
✅ 완료: 2009-09-17-공공기관에서-클라우드-컴퓨팅은-오픈소스를-죽인다.md
🔄 변환 중: 4236213.html
✅ 완료: 2009-09-17-미국-IT-관련-종사자-중에는-흑인이-안보인다.md
🔄 변환 중: 4239729.html
✅ 완료: 2009-09-21-클라우드-컴퓨팅은-쉽게-성공하지-못할-것이다.md
🔄 변환 중: 4242652.html
✅ 완료: 2009-09-25-데스크탑으로서의-리눅스는-과연-미래가-있을까.md
🔄 변환 중: 4261123.html
✅ 완료: 2009-10-23-그루비Groovy는-엔터프라이즈-개발환경의-새로운-바람.md
🔄 변환 중: 4262600.html
✅ 완료: 2009-10-25-가장-핵심이면서도-뒷전이기-쉬운-그-이름-이해관계자-혹은-고객.md
🔄 변환 중: 4264423.html
✅ 완료: 2009-10-28-윈도우-7에서-가장-크게-변한-것.md
🔄 변환 중: 4265879.html
✅ 완료: 2009-10-30-과도한-모델기반-아키텍처는-유연성을-떨어뜨리기도.md
🔄 변환 중: 4265927.html
✅ 완료: 2009-10-30-우분투Ubuntu-910-출시-Win-7-우분투가-나가신다.md
🔄 변환 중: 4268854.html
✅ 완료: 2009-11-04-자기-진화를-위한-몰입의-재발견.md
🔄 변환 중: 4269170.html
✅ 완료: 2009-11-04-IT시스템-변화-얼마나-예측할-수-있을까.md
🔄 변환 중: 4269402.html
✅ 완료: 2009-11-04-망했다-우분투-910.md
🔄 변환 중: 4275690.html
✅ 완료: 2009-11-14-우분투의-dash-쉘.md
🔄 변환 중: 4284144.html
✅ 완료: 2009-11-26-Project-Zero-그리고-IBM-DW-세미나.md
🔄 변환 중: 4284397.html
✅ 완료: 2009-11-27-기업의-IT-Agility를-어떻게-봐야할까.md
🔄 변환 중: 4286840.html
✅ 완료: 2009-11-30-Web-20을-위한-가벼운-웹-프레임워크-sMash.md
🔄 변환 중: 4309441.html
✅ 완료: 2010-01-01-calmglow.md
🔄 변환 중: 4423231.html
✅ 완료: 2010-07-01-글을-다시-쓴다.md
🔄 변환 중: 4432293.html
✅ 완료: 2010-07-16-그리움에-대한-그리움.md
🔄 변환 중: 4432318.html
✅ 완료: 2010-07-16-다시-채우기.md
🔄 변환 중: 4435750.html
✅ 완료: 2010-07-22-가상화없이-클라우드-없다.md
🔄 변환 중: 4444353.html
✅ 완료: 2010-08-06-요즘-관심갖고-공부하는-미래기술-주제들.md
🔄 변환 중: 4449134.html
✅ 완료: 2010-08-15-최근-IBM의-인수에-대해.md
🔄 변환 중: 4450830.html
✅ 완료: 2010-08-18-IT-SW-솔루션을-도입할-때-놓치기-쉬운-고려사항.md
🔄 변환 중: 4517531.html
✅ 완료: 2010-12-31-자바의-ArrayList와-CopyOnWriteArrayList.md
🔄 변환 중: 4518120.html
✅ 완료: 2011-01-01-업무용으로써의-우분투.md
🔄 변환 중: 4518448.html
✅ 완료: 2011-01-02-안드로이드-브라우저-User-Agent-이슈.md
🔄 변환 중: 4520300.html
✅ 완료: 2011-01-06-Firefox에서-팝업으로-영어사진-띄우기.md
🔄 변환 중: 4525218.html
✅ 완료: 2011-01-18-IT-info-Links-for-20110118.md
🔄 변환 중: 4525228.html
✅ 완료: 2011-01-18-Dropbox-팁-몇가지.md
🔄 변환 중: 4525294.html
✅ 완료: 2011-01-18-블로깅할-시간이-없다.md
🔄 변환 중: 4525821.html
✅ 완료: 2011-01-19-우분투-1104에선-Qt가-기본-탑재될-것.md
🔄 변환 중: 4526499.html
✅ 완료: 2011-01-21-오라클의-클라우드-박스-Exalogic.md
🔄 변환 중: 4527307.html
✅ 완료: 2011-01-23-오픈소스-CRM-솔루션들.md
🔄 변환 중: 4527310.html
✅ 완료: 2011-01-23-oauth를-위한-자바-라이브러리.md
🔄 변환 중: 4530448.html
✅ 완료: 2011-01-30-일정한-주기로-우분투팁을-Indicator로-보여주는-애플릿.md
🔄 변환 중: 4530544.html
✅ 완료: 2011-01-30-Google-Analytics에서-모바일사용자-방문-추적하기.md
🔄 변환 중: 4532007.html
✅ 완료: 2011-02-03-창의적-글쓰기를-하는-법.md
🔄 변환 중: 4534674.html
✅ 완료: 2011-02-10-오픈소스는-공짜가-아니다.md
🔄 변환 중: 4541963.html
✅ 완료: 2011-02-26-싱가포르-창이-공항-정보.md
🔄 변환 중: 4545476.html
✅ 완료: 2011-03-06-웹호스팅-받지말고-구글-앱스-사용하자.md
🔄 변환 중: 4556399.html
✅ 완료: 2011-04-01-IBM의-새로운-브랜드-Industry-Solution.md
🔄 변환 중: 4559374.html
✅ 완료: 2011-04-08-IBM-IMPACT-행사.md
🔄 변환 중: 4560371.html
✅ 완료: 2011-04-11-IBM-BPMBusiness-Process-Manager-75.md
🔄 변환 중: 4562493.html
✅ 완료: 2011-04-15-IBM-IMPACT-2011-감상.md
🔄 변환 중: 4564436.html
✅ 완료: 2011-04-20-업무중에-얼마나-자주-일어나세요.md
🔄 변환 중: 4566585.html
✅ 완료: 2011-04-25-자바7에서-달라진-점-Project-Coin을-중심으로.md
🔄 변환 중: 4568926.html
✅ 완료: 2011-05-01-기술을-선택하는-취향.md
🔄 변환 중: 4571486.html
✅ 완료: 2011-05-06-우분투-64비트-사용에-대한-진실과-오해.md
🔄 변환 중: 4577301.html
✅ 완료: 2011-05-21-최근-IT기술의-큰-변화.md
🔄 변환 중: 4579422.html
✅ 완료: 2011-05-26-마음의-지향성.md
🔄 변환 중: 4580116.html
✅ 완료: 2011-05-27-룰엔진-도입시-고려사항과-룰엔진의-가치.md
🔄 변환 중: 4580668.html
✅ 완료: 2011-05-29-noSQL의-기본-개념-정리.md
🔄 변환 중: 4582409.html
✅ 완료: 2011-06-02-noSQL기반의-실시간-고객-마케팅-시스템-아키텍처.md
🔄 변환 중: 4621601.html
✅ 완료: 2011-09-09-안녕-IBM.md
🔄 변환 중: 4627990.html
✅ 완료: 2011-09-27-LTE가-과연-빠를까.md
🔄 변환 중: 4632251.html
✅ 완료: 2011-10-08-PaaS-과연-지금-우리에게-필요한가.md
🔄 변환 중: 4632285.html
✅ 완료: 2011-10-08-구글의-임원들은-구글-플러스를-사용하지-않는다.md
🔄 변환 중: 4637329.html
✅ 완료: 2011-10-23-우분투-1110의-문제.md
🔄 변환 중: 4653131.html
✅ 완료: 2011-12-08-IBM의-진짜-장점.md
🔄 변환 중: 4653887.html
✅ 완료: 2011-12-10-우리는-웹의-도구이다.md
🔄 변환 중: 4658133.html
✅ 완료: 2011-12-23-2011년-10월-23일-오늘의-IT생각.md
🔄 변환 중: 4658383.html
✅ 완료: 2011-12-24-IBM이-생각하는-5년-뒤-미래.md
🔄 변환 중: 4659133.html
✅ 완료: 2011-12-26-우리나라에서-토종-SW기업이-성공하려면-모니터링-솔루션을.md
🔄 변환 중: 4659448.html
✅ 완료: 2011-12-27-트위터에-쓴-글을-몽땅-지우기.md
🔄 변환 중: 4659516.html
⚠️  이미지 파일을 찾을 수 없습니다: ../s3.amazonaws.com/uso_ss/13696/largef50c.png?1314970905
⚠️  이미지 파일을 찾을 수 없습니다: ../s3.amazonaws.com/uso_ss/13212/large71cc.png?1311628540
✅ 완료: 2011-12-27-greasemonkey를-이용해서-웹-생활을-쾌적하게.md
🔄 변환 중: 4659889.html
✅ 완료: 2011-12-28-이동통신회사는-안녕하신가.md
🔄 변환 중: 4660748.html
✅ 완료: 2011-12-30-클라우드-서비스-IaaS-과연-저렴한가.md
🔄 변환 중: 4662070.html
✅ 완료: 2012-01-03-무제한-용량의-나만의-Dropbox-Owncloud.md
🔄 변환 중: 4662723.html
✅ 완료: 2012-01-05-groovy-ruby-python-어떤-스크립트-언어가-성능이-좋을까.md
🔄 변환 중: 4663061.html
✅ 완료: 2012-01-05-우분투-테스트-커뮤니티-활동하기.md
🔄 변환 중: 4664435.html
✅ 완료: 2012-01-09-클리앙-모두의-공원-인기-글-위주-RSS-클리앙중독-치료용.md
🔄 변환 중: 4665338.html
✅ 완료: 2012-01-12-퍼블릭-클라우드-서비스-사용시-주의할-점.md
🔄 변환 중: 4665491.html
✅ 완료: 2012-01-12-밑빠진-독에-물붓는-식의-IT-프로젝트들.md
🔄 변환 중: 4665734.html
✅ 완료: 2012-01-13-21세기-아이들의-창의력-교육-어떻게-할까.md
🔄 변환 중: 4665984.html
✅ 완료: 2012-01-14-2011년-최고의-오픈소스-스타.md
🔄 변환 중: 4667183.html
✅ 완료: 2012-01-18-착한-사람이-오래사는-세상이-온다.md
🔄 변환 중: 4670007.html
✅ 완료: 2012-01-28-REST가-과연-아무데나-막-써도-되는-인터페이스인가.md
🔄 변환 중: 4670754.html
✅ 완료: 2012-01-30-우분투의-혁신적인-GUI-인터페이스-변화-HUD-Head-Up-Display.md
🔄 변환 중: 4673690.html
✅ 완료: 2012-02-08-기업의-SNS도입-신중하자.md
🔄 변환 중: 4675711.html
✅ 완료: 2012-02-15-모바일앱-품질-검증-프레임워크.md
🔄 변환 중: 4687970.html
✅ 완료: 2012-03-25-정연주의-첫-해직.md
🔄 변환 중: 4688060.html
✅ 완료: 2012-03-25-나는-아키텍트이다.md
🔄 변환 중: 4696019.html
✅ 완료: 2012-04-18-잘된-사업의-계획은-평범하거나-오히려-엉성하다.md
🔄 변환 중: 4697053.html
✅ 완료: 2012-04-22-책-자바-개발자와-시스템-운영자를-위한-트러블-슈팅-이야기.md
🔄 변환 중: 4698811.html
✅ 완료: 2012-04-27-이시영의-봄.md
🔄 변환 중: 4698833.html
✅ 완료: 2012-04-27-Edward-B-Adams-는-누구일까.md
🔄 변환 중: 4707306.html
✅ 완료: 2012-05-25-만들지-말고-사서-쓰자.md
🔄 변환 중: 4707426.html
✅ 완료: 2012-05-25-대체-이북eBook을-왜-살까.md
🔄 변환 중: 4757790.html
✅ 완료: 2012-11-26-개인-개발자의-시대는-갔다.md
🔄 변환 중: 4760597.html
✅ 완료: 2012-12-07-당신이-세상의-진보를-꿈꾼다면.md
🔄 변환 중: 4782030.html
✅ 완료: 2013-02-26-MWC-2013-참관기-첫째날.md
🔄 변환 중: 4782610.html
✅ 완료: 2013-02-28-MWC-2013-두번째-참관기.md
🔄 변환 중: 4783167.html
✅ 완료: 2013-03-03-초중고등K12에서-코딩을-가르치라고.md
🔄 변환 중: 4786276.html
✅ 완료: 2013-03-15-Google-Reader의-폐쇄-웹-개방성의-몰락.md
🔄 변환 중: 4788689.html
✅ 완료: 2013-03-26-Mobile-Showrooming에-대하여.md
🔄 변환 중: 4792335.html
✅ 완료: 2013-04-11-웹앱의-개념과-전망.md
🔄 변환 중: 4799567.html
✅ 완료: 2013-05-07-내가-넥센-히어로즈를-좋아하는-이유.md

==================================================
✅ 성공: 230/230
❌ 실패: 0
